{"timestamp": "2025-09-28T08:54:11.456336", "level": "INFO", "logger": "services.orchestrator.app.core.logging", "message": "Logging configured", "service": "Kyros Praxis", "environment": "local", "version": "0.1.0"}
{"timestamp": "2025-09-28T08:54:11.456582", "level": "INFO", "logger": "services.orchestrator.app.core.logging", "message": "Orchestrator event logging configured for o-glm -> .devlogs/orch-o-glm.log", "service": "Kyros Praxis", "environment": "local", "version": "0.1.0"}
{"timestamp": "2025-09-28T08:54:11.456682", "level": "INFO", "logger": "services.orchestrator.main", "message": "Orchestrator starting with ORCH_ID: o-glm", "service": "Kyros Praxis", "environment": "local", "version": "0.1.0"}
{"timestamp": "2025-09-28T08:54:11.578758", "level": "INFO", "logger": "services.orchestrator.security_middleware", "message": "Security middleware configured", "service": "Kyros Praxis", "environment": "local", "version": "0.1.0"}
{"timestamp": "2025-09-28T08:54:11.694020", "level": "WARNING", "logger": "services.orchestrator.security_middleware", "message": "Failed to connect to Redis, falling back to in-memory: Error 111 connecting to localhost:6379. Connection refused.", "service": "Kyros Praxis", "environment": "local", "version": "0.1.0"}
{"timestamp": "2025-09-28T08:54:11.697574", "level": "INFO", "logger": "httpx", "message": "HTTP Request: POST http://testserver/api/v1/collab/tasks \"HTTP/1.1 401 Unauthorized\"", "service": "Kyros Praxis", "environment": "local", "version": "0.1.0"}
{"timestamp": "2025-09-28T08:54:11.711584", "level": "INFO", "logger": "httpx", "message": "HTTP Request: POST http://testserver/auth/login \"HTTP/1.1 401 Unauthorized\"", "service": "Kyros Praxis", "environment": "local", "version": "0.1.0"}
{"timestamp": "2025-09-28T08:54:11.717836", "level": "WARNING", "logger": "passlib.handlers.bcrypt", "message": "(trapped) error reading bcrypt version", "service": "Kyros Praxis", "environment": "local", "version": "0.1.0", "exception": "Traceback (most recent call last):\n  File \"/home/runner/.local/lib/python3.12/site-packages/passlib/handlers/bcrypt.py\", line 620, in _load_backend_mixin\n    version = _bcrypt.__about__.__version__\n              ^^^^^^^^^^^^^^^^^\nAttributeError: module 'bcrypt' has no attribute '__about__'"}
{"timestamp": "2025-09-28T08:54:12.278336", "level": "INFO", "logger": "httpx", "message": "HTTP Request: POST http://testserver/auth/login \"HTTP/1.1 200 OK\"", "service": "Kyros Praxis", "environment": "local", "version": "0.1.0"}
{"timestamp": "2025-09-28T08:54:12.284670", "level": "INFO", "logger": "orchestrator_events", "event": "task_created", "task_id": "b6f86b1b-a0b7-495e-bac6-dbab2c00487f", "user_id": "8ab3f896-7c5a-4dd5-bd42-d735494a6acb", "title": "Test Task", "description": "Test Description", "message": "Event: task_created"}
{"timestamp": "2025-09-28T08:54:12.285817", "level": "INFO", "logger": "httpx", "message": "HTTP Request: POST http://testserver/api/v1/collab/tasks \"HTTP/1.1 201 Created\"", "service": "Kyros Praxis", "environment": "local", "version": "0.1.0"}
{"timestamp": "2025-09-28T08:54:12.289469", "level": "INFO", "logger": "httpx", "message": "HTTP Request: POST http://testserver/api/v1/collab/tasks \"HTTP/1.1 422 Unprocessable Entity\"", "service": "Kyros Praxis", "environment": "local", "version": "0.1.0"}
{"timestamp": "2025-09-28T09:02:44.649459", "level": "INFO", "logger": "services.orchestrator.app.core.logging", "message": "Logging configured", "service": "Kyros Praxis", "environment": "local", "version": "0.1.0"}
{"timestamp": "2025-09-28T09:02:44.649719", "level": "INFO", "logger": "services.orchestrator.app.core.logging", "message": "Orchestrator event logging configured for o-glm -> .devlogs/orch-o-glm.log", "service": "Kyros Praxis", "environment": "local", "version": "0.1.0"}
{"timestamp": "2025-09-28T09:02:44.649847", "level": "INFO", "logger": "services.orchestrator.main", "message": "Orchestrator starting with ORCH_ID: o-glm", "service": "Kyros Praxis", "environment": "local", "version": "0.1.0"}
{"timestamp": "2025-09-28T09:02:45.117331", "level": "INFO", "logger": "services.orchestrator.security_middleware", "message": "Security middleware configured", "service": "Kyros Praxis", "environment": "local", "version": "0.1.0"}
{"timestamp": "2025-09-28T09:02:55.763098", "level": "INFO", "logger": "services.orchestrator.app.core.logging", "message": "Logging configured", "service": "Kyros Praxis", "environment": "local", "version": "0.1.0"}
{"timestamp": "2025-09-28T09:02:55.763396", "level": "INFO", "logger": "services.orchestrator.app.core.logging", "message": "Orchestrator event logging configured for o-glm -> .devlogs/orch-o-glm.log", "service": "Kyros Praxis", "environment": "local", "version": "0.1.0"}
{"timestamp": "2025-09-28T09:02:55.763487", "level": "INFO", "logger": "services.orchestrator.main", "message": "Orchestrator starting with ORCH_ID: o-glm", "service": "Kyros Praxis", "environment": "local", "version": "0.1.0"}
{"timestamp": "2025-09-28T09:02:55.810553", "level": "INFO", "logger": "services.orchestrator.security_middleware", "message": "Security middleware configured", "service": "Kyros Praxis", "environment": "local", "version": "0.1.0"}
{"timestamp": "2025-09-28T09:04:30.169883", "level": "INFO", "logger": "services.orchestrator.app.core.logging", "message": "Logging configured", "service": "Kyros Praxis", "environment": "local", "version": "0.1.0"}
{"timestamp": "2025-09-28T09:04:30.170172", "level": "INFO", "logger": "services.orchestrator.app.core.logging", "message": "Orchestrator event logging configured for o-glm -> .devlogs/orch-o-glm.log", "service": "Kyros Praxis", "environment": "local", "version": "0.1.0"}
{"timestamp": "2025-09-28T09:04:30.170264", "level": "INFO", "logger": "services.orchestrator.main", "message": "Orchestrator starting with ORCH_ID: o-glm", "service": "Kyros Praxis", "environment": "local", "version": "0.1.0"}
{"timestamp": "2025-09-28T09:04:30.215619", "level": "INFO", "logger": "services.orchestrator.security_middleware", "message": "Security middleware configured", "service": "Kyros Praxis", "environment": "local", "version": "0.1.0"}
{"timestamp": "2025-09-28T09:04:30.322090", "level": "WARNING", "logger": "services.orchestrator.security_middleware", "message": "Failed to connect to Redis, falling back to in-memory: Error 111 connecting to localhost:6379. Connection refused.", "service": "Kyros Praxis", "environment": "local", "version": "0.1.0"}
{"timestamp": "2025-09-28T09:04:30.325588", "level": "INFO", "logger": "httpx", "message": "HTTP Request: POST http://testserver/api/v1/collab/tasks \"HTTP/1.1 401 Unauthorized\"", "service": "Kyros Praxis", "environment": "local", "version": "0.1.0"}
{"timestamp": "2025-09-28T09:04:30.346731", "level": "INFO", "logger": "httpx", "message": "HTTP Request: POST http://testserver/auth/login \"HTTP/1.1 401 Unauthorized\"", "service": "Kyros Praxis", "environment": "local", "version": "0.1.0"}
{"timestamp": "2025-09-28T09:04:30.355170", "level": "WARNING", "logger": "passlib.handlers.bcrypt", "message": "(trapped) error reading bcrypt version", "service": "Kyros Praxis", "environment": "local", "version": "0.1.0", "exception": "Traceback (most recent call last):\n  File \"/home/runner/.local/lib/python3.12/site-packages/passlib/handlers/bcrypt.py\", line 620, in _load_backend_mixin\n    version = _bcrypt.__about__.__version__\n              ^^^^^^^^^^^^^^^^^\nAttributeError: module 'bcrypt' has no attribute '__about__'"}
{"timestamp": "2025-09-28T09:04:30.914661", "level": "INFO", "logger": "httpx", "message": "HTTP Request: POST http://testserver/auth/login \"HTTP/1.1 200 OK\"", "service": "Kyros Praxis", "environment": "local", "version": "0.1.0"}
{"timestamp": "2025-09-28T09:04:30.920963", "level": "INFO", "logger": "orchestrator_events", "event": "task_created", "task_id": "cf783a0c-8f09-4877-be23-21e2586010c1", "user_id": "b7cc32df-70f8-422f-b98b-f0313a6b2f74", "title": "Test Task", "description": "Test Description", "message": "Event: task_created"}
{"timestamp": "2025-09-28T09:04:30.922191", "level": "INFO", "logger": "httpx", "message": "HTTP Request: POST http://testserver/api/v1/collab/tasks \"HTTP/1.1 201 Created\"", "service": "Kyros Praxis", "environment": "local", "version": "0.1.0"}
{"timestamp": "2025-09-28T09:04:30.926144", "level": "INFO", "logger": "httpx", "message": "HTTP Request: POST http://testserver/api/v1/collab/tasks \"HTTP/1.1 422 Unprocessable Entity\"", "service": "Kyros Praxis", "environment": "local", "version": "0.1.0"}
{"timestamp": "2025-09-28T09:05:53.186777", "level": "INFO", "logger": "services.orchestrator.app.core.logging", "message": "Logging configured", "service": "Kyros Praxis", "environment": "local", "version": "0.1.0"}
{"timestamp": "2025-09-28T09:05:53.186989", "level": "INFO", "logger": "services.orchestrator.app.core.logging", "message": "Orchestrator event logging configured for o-glm -> .devlogs/orch-o-glm.log", "service": "Kyros Praxis", "environment": "local", "version": "0.1.0"}
{"timestamp": "2025-09-28T09:05:53.187078", "level": "INFO", "logger": "services.orchestrator.main", "message": "Orchestrator starting with ORCH_ID: o-glm", "service": "Kyros Praxis", "environment": "local", "version": "0.1.0"}
{"timestamp": "2025-09-28T09:05:53.231974", "level": "INFO", "logger": "services.orchestrator.security_middleware", "message": "Security middleware configured", "service": "Kyros Praxis", "environment": "local", "version": "0.1.0"}
{"timestamp": "2025-09-28T09:06:02.150730", "level": "INFO", "logger": "services.orchestrator.app.core.logging", "message": "Logging configured", "service": "Kyros Praxis", "environment": "local", "version": "0.1.0"}
{"timestamp": "2025-09-28T09:06:02.150937", "level": "INFO", "logger": "services.orchestrator.app.core.logging", "message": "Orchestrator event logging configured for o-glm -> .devlogs/orch-o-glm.log", "service": "Kyros Praxis", "environment": "local", "version": "0.1.0"}
{"timestamp": "2025-09-28T09:06:02.151026", "level": "INFO", "logger": "services.orchestrator.main", "message": "Orchestrator starting with ORCH_ID: o-glm", "service": "Kyros Praxis", "environment": "local", "version": "0.1.0"}
{"timestamp": "2025-09-28T09:06:02.195373", "level": "INFO", "logger": "services.orchestrator.security_middleware", "message": "Security middleware configured", "service": "Kyros Praxis", "environment": "local", "version": "0.1.0"}
{"timestamp": "2025-09-28T09:06:02.315142", "level": "WARNING", "logger": "passlib.handlers.bcrypt", "message": "(trapped) error reading bcrypt version", "service": "Kyros Praxis", "environment": "local", "version": "0.1.0", "exception": "Traceback (most recent call last):\n  File \"/home/runner/.local/lib/python3.12/site-packages/passlib/handlers/bcrypt.py\", line 620, in _load_backend_mixin\n    version = _bcrypt.__about__.__version__\n              ^^^^^^^^^^^^^^^^^\nAttributeError: module 'bcrypt' has no attribute '__about__'"}
{"timestamp": "2025-09-28T09:07:18.530734", "level": "INFO", "logger": "services.orchestrator.app.core.logging", "message": "Logging configured", "service": "Kyros Praxis", "environment": "local", "version": "0.1.0"}
{"timestamp": "2025-09-28T09:07:18.530944", "level": "INFO", "logger": "services.orchestrator.app.core.logging", "message": "Orchestrator event logging configured for o-glm -> .devlogs/orch-o-glm.log", "service": "Kyros Praxis", "environment": "local", "version": "0.1.0"}
{"timestamp": "2025-09-28T09:07:18.531034", "level": "INFO", "logger": "services.orchestrator.main", "message": "Orchestrator starting with ORCH_ID: o-glm", "service": "Kyros Praxis", "environment": "local", "version": "0.1.0"}
{"timestamp": "2025-09-28T09:07:18.575593", "level": "INFO", "logger": "services.orchestrator.security_middleware", "message": "Security middleware configured", "service": "Kyros Praxis", "environment": "local", "version": "0.1.0"}
{"timestamp": "2025-09-28T09:07:18.667351", "level": "WARNING", "logger": "passlib.handlers.bcrypt", "message": "(trapped) error reading bcrypt version", "service": "Kyros Praxis", "environment": "local", "version": "0.1.0", "exception": "Traceback (most recent call last):\n  File \"/home/runner/.local/lib/python3.12/site-packages/passlib/handlers/bcrypt.py\", line 620, in _load_backend_mixin\n    version = _bcrypt.__about__.__version__\n              ^^^^^^^^^^^^^^^^^\nAttributeError: module 'bcrypt' has no attribute '__about__'"}
{"timestamp": "2025-09-28T09:09:41.832801", "level": "INFO", "logger": "services.orchestrator.app.core.logging", "message": "Logging configured", "service": "Kyros Praxis", "environment": "local", "version": "0.1.0"}
{"timestamp": "2025-09-28T09:09:41.833015", "level": "INFO", "logger": "services.orchestrator.app.core.logging", "message": "Orchestrator event logging configured for o-glm -> .devlogs/orch-o-glm.log", "service": "Kyros Praxis", "environment": "local", "version": "0.1.0"}
{"timestamp": "2025-09-28T09:09:41.833106", "level": "INFO", "logger": "services.orchestrator.main", "message": "Orchestrator starting with ORCH_ID: o-glm", "service": "Kyros Praxis", "environment": "local", "version": "0.1.0"}
{"timestamp": "2025-09-28T09:09:41.877921", "level": "INFO", "logger": "services.orchestrator.security_middleware", "message": "Security middleware configured", "service": "Kyros Praxis", "environment": "local", "version": "0.1.0"}
{"timestamp": "2025-09-28T09:09:41.970515", "level": "WARNING", "logger": "passlib.handlers.bcrypt", "message": "(trapped) error reading bcrypt version", "service": "Kyros Praxis", "environment": "local", "version": "0.1.0", "exception": "Traceback (most recent call last):\n  File \"/home/runner/.local/lib/python3.12/site-packages/passlib/handlers/bcrypt.py\", line 620, in _load_backend_mixin\n    version = _bcrypt.__about__.__version__\n              ^^^^^^^^^^^^^^^^^\nAttributeError: module 'bcrypt' has no attribute '__about__'"}
{"timestamp": "2025-09-28T09:09:52.932021", "level": "INFO", "logger": "services.orchestrator.app.core.logging", "message": "Logging configured", "service": "Kyros Praxis", "environment": "local", "version": "0.1.0"}
{"timestamp": "2025-09-28T09:09:52.932235", "level": "INFO", "logger": "services.orchestrator.app.core.logging", "message": "Orchestrator event logging configured for o-glm -> .devlogs/orch-o-glm.log", "service": "Kyros Praxis", "environment": "local", "version": "0.1.0"}
{"timestamp": "2025-09-28T09:09:52.932323", "level": "INFO", "logger": "services.orchestrator.main", "message": "Orchestrator starting with ORCH_ID: o-glm", "service": "Kyros Praxis", "environment": "local", "version": "0.1.0"}
{"timestamp": "2025-09-28T09:09:52.976511", "level": "INFO", "logger": "services.orchestrator.security_middleware", "message": "Security middleware configured", "service": "Kyros Praxis", "environment": "local", "version": "0.1.0"}
{"timestamp": "2025-09-28T09:10:04.005761", "level": "INFO", "logger": "services.orchestrator.app.core.logging", "message": "Logging configured", "service": "Kyros Praxis", "environment": "local", "version": "0.1.0"}
{"timestamp": "2025-09-28T09:10:04.005970", "level": "INFO", "logger": "services.orchestrator.app.core.logging", "message": "Orchestrator event logging configured for o-glm -> .devlogs/orch-o-glm.log", "service": "Kyros Praxis", "environment": "local", "version": "0.1.0"}
{"timestamp": "2025-09-28T09:10:04.006057", "level": "INFO", "logger": "services.orchestrator.main", "message": "Orchestrator starting with ORCH_ID: o-glm", "service": "Kyros Praxis", "environment": "local", "version": "0.1.0"}
{"timestamp": "2025-09-28T09:10:04.049890", "level": "INFO", "logger": "services.orchestrator.security_middleware", "message": "Security middleware configured", "service": "Kyros Praxis", "environment": "local", "version": "0.1.0"}
{"timestamp": "2025-09-28T09:10:04.171944", "level": "WARNING", "logger": "services.orchestrator.security_middleware", "message": "Failed to connect to Redis, falling back to in-memory: Error 111 connecting to localhost:6379. Connection refused.", "service": "Kyros Praxis", "environment": "local", "version": "0.1.0"}
{"timestamp": "2025-09-28T09:10:04.218158", "level": "INFO", "logger": "httpx", "message": "HTTP Request: GET http://testserver/auth/oauth2/google?redirect_uri=http%3A%2F%2Flocalhost%3A8000%2Fcallback \"HTTP/1.1 200 OK\"", "service": "Kyros Praxis", "environment": "local", "version": "0.1.0"}
